\BOOKMARK [1][-]{section.1}{\376\377\000I\000n\000t\000r\000o\000d\000u\000c\000t\000i\000o\000n\000\040\000A\000n\000d\000\040\000M\000o\000t\000i\000v\000a\000t\000i\000o\000n}{}% 1
\BOOKMARK [1][-]{section.2}{\376\377\000M\000e\000t\000h\000o\000d\000o\000l\000o\000g\000y}{}% 2
\BOOKMARK [2][-]{subsection.2.1}{\376\377\000T\000h\000e\000o\000r\000y}{section.2}% 3
\BOOKMARK [2][-]{subsection.2.2}{\376\377\000H\000H\000G\000\040\000i\000n\000\040\000G\000a\000s\000e\000s}{section.2}% 4
\BOOKMARK [2][-]{subsection.2.3}{\376\377\000H\000H\000G\000\040\000i\000n\000\040\000P\000l\000a\000s\000m\000a}{section.2}% 5
\BOOKMARK [2][-]{subsection.2.4}{\376\377\000O\000s\000c\000i\000l\000l\000a\000t\000i\000n\000g\000\040\000M\000i\000r\000r\000o\000r\000\040\000M\000o\000d\000e\000l}{section.2}% 6
\BOOKMARK [3][-]{subsubsection.2.4.1}{\376\377\000s\000-\000\040\000a\000n\000d\000\040\000p\000-\000P\000o\000l\000a\000r\000i\000z\000a\000t\000i\000o\000n}{subsection.2.4}% 7
\BOOKMARK [3][-]{subsubsection.2.4.2}{\376\377\000H\000H\000G\000\040\000S\000p\000e\000c\000t\000r\000u\000m}{subsection.2.4}% 8
\BOOKMARK [2][-]{subsection.2.5}{\376\377\000U\000n\000i\000v\000e\000r\000s\000a\000l\000\040\000S\000p\000e\000c\000t\000r\000a}{section.2}% 9
\BOOKMARK [2][-]{subsection.2.6}{\376\377\000S\000i\000m\000u\000l\000a\000t\000i\000o\000n\000\040\000S\000e\000t\000u\000p}{section.2}% 10
\BOOKMARK [3][-]{subsubsection.2.6.1}{\376\377\000F\000o\000r\000\040\000N\000o\000r\000m\000a\000l\000\040\000I\000n\000c\000i\000d\000e\000n\000t}{subsection.2.6}% 11
\BOOKMARK [3][-]{subsubsection.2.6.2}{\376\377\000F\000o\000r\000\040\000O\000b\000l\000i\000q\000u\000e\000\040\000I\000n\000c\000i\000d\000e\000n\000t}{subsection.2.6}% 12
\BOOKMARK [1][-]{section.3}{\376\377\000S\000u\000m\000m\000a\000r\000y\000\040\000o\000f\000\040\000W\000o\000r\000k\000\040\000D\000o\000n\000e\000\040\000i\000n\000\040\000P\000r\000e\000v\000i\000o\000u\000s\000\040\000S\000e\000m\000e\000s\000t\000e\000r}{}% 13
\BOOKMARK [2][-]{subsection.3.1}{\376\377\000T\000i\000l\000l\000\040\000P\000r\000e\000v\000i\000o\000u\000s\000\040\000S\000e\000m\000e\000s\000t\000e\000r\000\040\000M\000i\000n\000o\000r}{section.3}% 14
\BOOKMARK [2][-]{subsection.3.2}{\376\377\000T\000i\000l\000l\000\040\000P\000r\000e\000v\000i\000o\000u\000s\000\040\000S\000e\000m\000e\000s\000t\000e\000r\000\040\000M\000a\000j\000o\000r}{section.3}% 15
\BOOKMARK [1][-]{section.4}{\376\377\000R\000e\000s\000u\000l\000t\000s\000\040\000a\000n\000d\000\040\000D\000i\000s\000c\000u\000s\000s\000i\000o\000n}{}% 16
\BOOKMARK [2][-]{subsection.4.1}{\376\377\000S\000u\000p\000e\000r\000\040\000G\000a\000u\000s\000s\000i\000a\000n\000\040\000E\000n\000v\000e\000l\000o\000p\000e}{section.4}% 17
\BOOKMARK [2][-]{subsection.4.2}{\376\377\000p\000-\000P\000o\000l\000a\000r\000i\000z\000a\000t\000i\000o\000n}{section.4}% 18
\BOOKMARK [2][-]{subsection.4.3}{\376\377\000s\000-\000P\000o\000l\000a\000r\000i\000z\000a\000t\000i\000o\000n}{section.4}% 19
\BOOKMARK [1][-]{section.5}{\376\377\000F\000u\000t\000u\000r\000e\000\040\000P\000l\000a\000n\000\040\000o\000f\000\040\000W\000o\000r\000k}{}% 20
\BOOKMARK [1][-]{section.6}{\376\377\000A\000c\000k\000n\000o\000w\000l\000e\000d\000g\000e\000m\000e\000n\000t}{}% 21
